<?xml version="1.0" encoding="UTF-8"?>
<testng-results skipped="0" failed="0" total="5" passed="5">
  <reporter-output>
  </reporter-output>
  <suite name="Suite" duration-ms="80643" started-at="2020-11-20T23:33:46Z" finished-at="2020-11-20T23:35:07Z">
    <groups>
      <group name="cucumber">
        <method signature="AbstractTestNGCucumberTests.runScenario(io.cucumber.testng.PickleWrapper, io.cucumber.testng.FeatureWrapper)[pri:0, instance:testRunner.CucumberRunner@3ffcd140]" name="runScenario" class="io.cucumber.testng.AbstractTestNGCucumberTests"/>
      </group> <!-- cucumber -->
    </groups>
    <test name="CucumberTest" duration-ms="80643" started-at="2020-11-20T23:33:46Z" finished-at="2020-11-20T23:35:07Z">
      <class name="testRunner.CucumberRunner">
        <test-method status="PASS" signature="setUpClass()[pri:0, instance:testRunner.CucumberRunner@3ffcd140]" name="setUpClass" is-config="true" duration-ms="375" started-at="2020-11-21T12:33:46Z" finished-at="2020-11-21T12:33:47Z">
          <reporter-output>
          </reporter-output>
        </test-method> <!-- setUpClass -->
        <test-method status="PASS" signature="runScenario(io.cucumber.testng.PickleWrapper, io.cucumber.testng.FeatureWrapper)[pri:0, instance:testRunner.CucumberRunner@3ffcd140]" name="runScenario" duration-ms="16974" started-at="2020-11-21T12:33:47Z" description="Runs Cucumber Scenarios" data-provider="scenarios" finished-at="2020-11-21T12:34:04Z">
          <params>
            <param index="0">
              <value>
                <![CDATA["Happy Path Login"]]>
              </value>
            </param>
            <param index="1">
              <value>
                <![CDATA["Optional[Login Tests]"]]>
              </value>
            </param>
          </params>
          <reporter-output>
          </reporter-output>
        </test-method> <!-- runScenario -->
        <test-method status="PASS" signature="runScenario(io.cucumber.testng.PickleWrapper, io.cucumber.testng.FeatureWrapper)[pri:0, instance:testRunner.CucumberRunner@3ffcd140]" name="runScenario" duration-ms="12772" started-at="2020-11-21T12:34:04Z" description="Runs Cucumber Scenarios" data-provider="scenarios" finished-at="2020-11-21T12:34:16Z">
          <params>
            <param index="0">
              <value>
                <![CDATA["Unhappy Path Login"]]>
              </value>
            </param>
            <param index="1">
              <value>
                <![CDATA["Optional[Login Tests]"]]>
              </value>
            </param>
          </params>
          <reporter-output>
          </reporter-output>
        </test-method> <!-- runScenario -->
        <test-method status="PASS" signature="runScenario(io.cucumber.testng.PickleWrapper, io.cucumber.testng.FeatureWrapper)[pri:0, instance:testRunner.CucumberRunner@3ffcd140]" name="runScenario" duration-ms="15191" started-at="2020-11-21T12:34:16Z" description="Runs Cucumber Scenarios" data-provider="scenarios" finished-at="2020-11-21T12:34:32Z">
          <params>
            <param index="0">
              <value>
                <![CDATA["Multiple Logins"]]>
              </value>
            </param>
            <param index="1">
              <value>
                <![CDATA["Optional[Login Tests]"]]>
              </value>
            </param>
          </params>
          <reporter-output>
          </reporter-output>
        </test-method> <!-- runScenario -->
        <test-method status="PASS" signature="runScenario(io.cucumber.testng.PickleWrapper, io.cucumber.testng.FeatureWrapper)[pri:0, instance:testRunner.CucumberRunner@3ffcd140]" name="runScenario" duration-ms="19246" started-at="2020-11-21T12:34:32Z" description="Runs Cucumber Scenarios" data-provider="scenarios" finished-at="2020-11-21T12:34:51Z">
          <params>
            <param index="0">
              <value>
                <![CDATA["Multiple Logins"]]>
              </value>
            </param>
            <param index="1">
              <value>
                <![CDATA["Optional[Login Tests]"]]>
              </value>
            </param>
          </params>
          <reporter-output>
          </reporter-output>
        </test-method> <!-- runScenario -->
        <test-method status="PASS" signature="runScenario(io.cucumber.testng.PickleWrapper, io.cucumber.testng.FeatureWrapper)[pri:0, instance:testRunner.CucumberRunner@3ffcd140]" name="runScenario" duration-ms="15940" started-at="2020-11-21T12:34:51Z" description="Runs Cucumber Scenarios" data-provider="scenarios" finished-at="2020-11-21T12:35:07Z">
          <params>
            <param index="0">
              <value>
                <![CDATA["Multiple Logins"]]>
              </value>
            </param>
            <param index="1">
              <value>
                <![CDATA["Optional[Login Tests]"]]>
              </value>
            </param>
          </params>
          <reporter-output>
          </reporter-output>
        </test-method> <!-- runScenario -->
        <test-method status="PASS" signature="tearDownClass()[pri:0, instance:testRunner.CucumberRunner@3ffcd140]" name="tearDownClass" is-config="true" duration-ms="134" started-at="2020-11-21T12:35:07Z" finished-at="2020-11-21T12:35:07Z">
          <reporter-output>
          </reporter-output>
        </test-method> <!-- tearDownClass -->
      </class> <!-- testRunner.CucumberRunner -->
    </test> <!-- CucumberTest -->
  </suite> <!-- Suite -->
</testng-results>
